<?xml version="1.0" encoding="UTF-8"?>
<!-- Generated by org.testng.reporters.JUnitReportReporter -->
<testsuite hostname="zm-PC" name="cn.xuexi.TestLog4j" tests="1" failures="0" timestamp="18 Jul 2016 07:14:54 GMT" time="182.049" errors="0">
  <testcase name="testSogou" time="182.049" classname="cn.xuexi.TestLog4j"/>
</testsuite> <!-- cn.xuexi.TestLog4j -->
