<?xml version="1.0" encoding="UTF-8"?>
<!-- Generated by org.testng.reporters.JUnitReportReporter -->
<testsuite hostname="zm-PC" name="cn.xuexi.Scrolling" tests="1" failures="0" timestamp="6 Jul 2016 08:50:23 GMT" time="12.624" errors="0">
  <testcase name="testScrollingThree" time="12.624" classname="cn.xuexi.Scrolling"/>
</testsuite> <!-- cn.xuexi.Scrolling -->
