<?xml version="1.0" encoding="UTF-8"?>
<!-- Generated by org.testng.reporters.JUnitReportReporter -->
<testsuite hostname="zm-PC" name="cn.xuexi.AjaxClick" tests="1" failures="0" timestamp="18 Jul 2016 06:55:48 GMT" time="19.273" errors="0">
  <testcase name="testAjax" time="19.273" classname="cn.xuexi.AjaxClick"/>
</testsuite> <!-- cn.xuexi.AjaxClick -->
