<?xml version="1.0" encoding="UTF-8"?>
<!-- Generated by org.testng.reporters.JUnitReportReporter -->
<testsuite hostname="zm-PC" name="cn.xuexi.TestSogou" tests="2" failures="0" timestamp="3 Jul 2016 08:26:07 GMT" time="32.425" errors="0">
  <testcase name="testSogou" time="11.935" classname="cn.xuexi.TestSogou"/>
  <testcase name="testSogou" time="20.490" classname="cn.xuexi.TestSogou"/>
</testsuite> <!-- cn.xuexi.TestSogou -->
