<?xml version="1.0" encoding="UTF-8"?>
<!-- Generated by org.testng.reporters.JUnitReportReporter -->
<testsuite hostname="zm-PC" name="cn.xuexi.DateSelector" tests="1" failures="0" timestamp="1 Jul 2016 12:20:07 GMT" time="6.536" errors="0">
  <testcase name="testSogou" time="6.536" classname="cn.xuexi.DateSelector"/>
</testsuite> <!-- cn.xuexi.DateSelector -->
