<?xml version="1.0" encoding="UTF-8"?>
<!-- Generated by org.testng.reporters.JUnitReportReporter -->
<testsuite hostname="zm-PC" name="cn.xuexi.TestDateTime" tests="1" failures="0" timestamp="16 Jul 2016 09:31:47 GMT" time="31.450" errors="0">
  <testcase name="testSogou" time="31.450" classname="cn.xuexi.TestDateTime"/>
</testsuite> <!-- cn.xuexi.TestDateTime -->
