<?xml version="1.0" encoding="UTF-8"?>
<!-- Generated by org.testng.reporters.JUnitReportReporter -->
<testsuite hostname="zm-PC" name="cn.xuexi.DataProviderTest" tests="3" failures="0" timestamp="11 Jul 2016 01:48:30 GMT" time="35.860" errors="0">
  <testcase name="testDataProvider" time="10.944" classname="cn.xuexi.DataProviderTest"/>
  <testcase name="testDataProvider" time="11.213" classname="cn.xuexi.DataProviderTest"/>
  <testcase name="testDataProvider" time="13.703" classname="cn.xuexi.DataProviderTest"/>
</testsuite> <!-- cn.xuexi.DataProviderTest -->
